<<<<<<< HEAD
[1022/142932.204:ERROR:directory_reader_win.cc(43)] FindFirstFile: t参тぃ飓w焊舢|C (0x3)
[1023/092546.939:ERROR:directory_reader_win.cc(43)] FindFirstFile: t参тぃ飓w焊舢|C (0x3)
[1023/102132.878:ERROR:directory_reader_win.cc(43)] FindFirstFile: t参тぃ飓w焊舢|C (0x3)
[1023/112935.151:ERROR:directory_reader_win.cc(43)] FindFirstFile: t参тぃ飓w焊舢|C (0x3)
[1023/212538.595:ERROR:directory_reader_win.cc(43)] FindFirstFile: t参тぃ飓w焊舢|C (0x3)
[1024/110239.156:ERROR:directory_reader_win.cc(43)] FindFirstFile: t参тぃ飓w焊舢|C (0x3)
[1025/135807.256:ERROR:directory_reader_win.cc(43)] FindFirstFile: t参тぃ飓w焊舢|C (0x3)
[1026/095724.438:ERROR:directory_reader_win.cc(43)] FindFirstFile: t参тぃ飓w焊舢|C (0x3)
[1026/205624.762:ERROR:directory_reader_win.cc(43)] FindFirstFile: t参тぃ飓w焊舢|C (0x3)
[1027/093152.400:ERROR:directory_reader_win.cc(43)] FindFirstFile: t参тぃ飓w焊舢|C (0x3)
<<<<<<< HEAD
[1027/184652.870:ERROR:directory_reader_win.cc(43)] FindFirstFile: t参тぃ飓w焊舢|C (0x3)
=======
[1027/172320.055:ERROR:directory_reader_win.cc(43)] FindFirstFile: t参тぃ飓w焊舢|C (0x3)
=======
[1023/151058.790:ERROR:directory_reader_win.cc(43)] FindFirstFile: t参тぃ飓w焊舢|C (0x3)
>>>>>>> cha
<<<<<<< HEAD
[1030/123042.151:ERROR:directory_reader_win.cc(43)] FindFirstFile: t参тぃ飓w焊舢|C (0x3)
=======
>>>>>>> develop
[1028/094845.229:ERROR:directory_reader_win.cc(43)] FindFirstFile: t参тぃ飓w焊舢|C (0x3)
[1028/130324.655:ERROR:directory_reader_win.cc(43)] FindFirstFile: t参тぃ飓w焊舢|C (0x3)
[1028/210732.493:ERROR:directory_reader_win.cc(43)] FindFirstFile: t参тぃ飓w焊舢|C (0x3)
[1029/085302.155:ERROR:directory_reader_win.cc(43)] FindFirstFile: t参тぃ飓w焊舢|C (0x3)
>>>>>>> 021bee6ec5fd02154c10994c3a5d019131fc8ea4
